<?xml version="1.0" encoding="UTF-8"?>
<!-- Generated by org.testng.reporters.JUnitReportReporter -->
<testsuite hostname="IN-akunjumo-W1" failures="0" tests="1" name="cucumberOptions.TestNGRunner" time="30.371" errors="0" timestamp="2024-02-01T10:56:28 IST" skipped="0">
  <testcase classname="cucumberOptions.TestNGRunner" name="runScenario" time="30.371"/>
</testsuite> <!-- cucumberOptions.TestNGRunner -->
